::1 - Role: guest - Module: frontend - ControllerClass: Frontend\Controller\FrontendController - ControllerName: frontend - Action: index

::1 - Role: guest - Module: frontend - ControllerClass: Frontend\Controller\FrontendController - ControllerName: frontend - Action: index

::1 - Role: guest - Module: frontend - ControllerClass: Frontend\Controller\UserController - ControllerName: frontend_user - Action: auth

::1 - Role: guest - Module: frontend - ControllerClass: Frontend\Controller\UserController - ControllerName: frontend_user - Action: login

::1 - Role: admin - Module: frontend - ControllerClass: Frontend\Controller\FrontendController - ControllerName: frontend - Action: index

::1 - Role: admin - Module: frontend - ControllerClass: Frontend\Controller\UserController - ControllerName: frontend_user - Action: logout

::1 - Role: guest - Module: frontend - ControllerClass: Frontend\Controller\FrontendController - ControllerName: frontend - Action: index

::1 - Role: guest - Module: frontend - ControllerClass: Frontend\Controller\FrontendController - ControllerName: frontend - Action: index

::1 - Role: guest - Module: frontend - ControllerClass: Frontend\Controller\FrontendController - ControllerName: frontend - Action: index

::1 - Role: guest - Module: frontend - ControllerClass: Frontend\Controller\LoanApplicationController - ControllerName: loan_application - Action: property-loan

::1 - Role: guest - Module: frontend - ControllerClass: Frontend\Controller\LoanApplicationController - ControllerName: loan_application - Action: select-no

::1 - Role: guest - Module: frontend - ControllerClass: Frontend\Controller\LoanApplicationController - ControllerName: loan_application - Action: property-loan

::1 - Role: guest - Module: frontend - ControllerClass: Frontend\Controller\LoanApplicationController - ControllerName: loan_application - Action: select-no

::1 - Role: guest - Module: frontend - ControllerClass: Frontend\Controller\LoanApplicationController - ControllerName: loan_application - Action: select-no

::1 - Role: guest - Module: frontend - ControllerClass: Frontend\Controller\LoanApplicationController - ControllerName: loan_application - Action: select-no

::1 - Role: guest - Module: frontend - ControllerClass: Frontend\Controller\LoanApplicationController - ControllerName: loan_application - Action: select-no

::1 - Role: guest - Module: frontend - ControllerClass: Frontend\Controller\HomeLoanController - ControllerName: home_loan - Action: load-select

::1 - Role: guest - Module: frontend - ControllerClass: Frontend\Controller\LoanApplicationController - ControllerName: loan_application - Action: popup-property-loan

::1 - Role: guest - Module: frontend - ControllerClass: Frontend\Controller\UserController - ControllerName: frontend_user - Action: auth

::1 - Role: guest - Module: frontend - ControllerClass: Frontend\Controller\UserController - ControllerName: frontend_user - Action: auth

::1 - Role: guest - Module: frontend - ControllerClass: Frontend\Controller\PageController - ControllerName: page - Action: about-us

::1 - Role: guest - Module: frontend - ControllerClass: Frontend\Controller\PageController - ControllerName: page - Action: about-us

::1 - Role: guest - Module: frontend - ControllerClass: Frontend\Controller\PageController - ControllerName: page - Action: about-us

::1 - Role: guest - Module: frontend - ControllerClass: Frontend\Controller\PageController - ControllerName: page - Action: about-us

::1 - Role: guest - Module: frontend - ControllerClass: Frontend\Controller\PageController - ControllerName: page - Action: about-us

::1 - Role: guest - Module: frontend - ControllerClass: Frontend\Controller\PageController - ControllerName: page - Action: view

::1 - Role: guest - Module: frontend - ControllerClass: Frontend\Controller\PageController - ControllerName: page - Action: view

::1 - Role: guest - Module: frontend - ControllerClass: Frontend\Controller\PageController - ControllerName: page - Action: view

::1 - Role: guest - Module: frontend - ControllerClass: Frontend\Controller\UserController - ControllerName: frontend_user - Action: auth

::1 - Role: guest - Module: frontend - ControllerClass: Frontend\Controller\UserController - ControllerName: frontend_user - Action: auth

::1 - Role: guest - Module: frontend - ControllerClass: Frontend\Controller\LoanApplicationController - ControllerName: loan_application - Action: bank-account

::1 - Role: guest - Module: frontend - ControllerClass: Frontend\Controller\LoanApplicationController - ControllerName: loan_application - Action: bank-account

::1 - Role: guest - Module: frontend - ControllerClass: Frontend\Controller\UserController - ControllerName: frontend_user - Action: auth

::1 - Role: guest - Module: frontend - ControllerClass: Frontend\Controller\FrontendController - ControllerName: frontend - Action: index

::1 - Role: guest - Module: frontend - ControllerClass: Frontend\Controller\UserController - ControllerName: frontend_user - Action: auth

::1 - Role: guest - Module: frontend - ControllerClass: Frontend\Controller\UserController - ControllerName: frontend_user - Action: auth

::1 - Role: guest - Module: frontend - ControllerClass: Frontend\Controller\LoanApplicationController - ControllerName: loan_application - Action: bank-account

::1 - Role: guest - Module: frontend - ControllerClass: Frontend\Controller\BankAccountController - ControllerName: bank_account - Action: load-compare

::1 - Role: guest - Module: frontend - ControllerClass: Frontend\Controller\LoanApplicationController - ControllerName: loan_application - Action: bank-account

::1 - Role: guest - Module: frontend - ControllerClass: Frontend\Controller\BankAccountController - ControllerName: bank_account - Action: compare

::1 - Role: guest - Module: frontend - ControllerClass: Frontend\Controller\UserController - ControllerName: frontend_user - Action: auth

::1 - Role: guest - Module: frontend - ControllerClass: Frontend\Controller\UserController - ControllerName: frontend_user - Action: auth

::1 - Role: guest - Module: frontend - ControllerClass: Frontend\Controller\UserController - ControllerName: frontend_user - Action: facebook-auth

::1 - Role: guest - Module: frontend - ControllerClass: Frontend\Controller\UserController - ControllerName: frontend_user - Action: auth

::1 - Role: guest - Module: frontend - ControllerClass: Frontend\Controller\LoanApplicationController - ControllerName: loan_application - Action: bank-account

::1 - Role: guest - Module: frontend - ControllerClass: Frontend\Controller\UserController - ControllerName: frontend_user - Action: auth

::1 - Role: guest - Module: frontend - ControllerClass: Frontend\Controller\UserController - ControllerName: frontend_user - Action: auth

::1 - Role: guest - Module: frontend - ControllerClass: Frontend\Controller\UserController - ControllerName: frontend_user - Action: facebook-auth

::1 - Role: guest - Module: frontend - ControllerClass: Frontend\Controller\UserController - ControllerName: frontend_user - Action: auth

::1 - Role: guest - Module: frontend - ControllerClass: Frontend\Controller\UserController - ControllerName: frontend_user - Action: facebook-auth

::1 - Role: guest - Module: frontend - ControllerClass: Frontend\Controller\FrontendController - ControllerName: frontend - Action: index

::1 - Role: guest - Module: frontend - ControllerClass: Frontend\Controller\UserController - ControllerName: frontend_user - Action: auth

::1 - Role: guest - Module: frontend - ControllerClass: Frontend\Controller\UserController - ControllerName: frontend_user - Action: facebook-auth

::1 - Role: guest - Module: frontend - ControllerClass: Frontend\Controller\UserController - ControllerName: frontend_user - Action: auth

::1 - Role: guest - Module: frontend - ControllerClass: Frontend\Controller\FrontendController - ControllerName: frontend - Action: index

::1 - Role: guest - Module: frontend - ControllerClass: Frontend\Controller\UserController - ControllerName: frontend_user - Action: auth

::1 - Role: guest - Module: frontend - ControllerClass: Frontend\Controller\UserController - ControllerName: frontend_user - Action: auth

::1 - Role: guest - Module: frontend - ControllerClass: Frontend\Controller\UserController - ControllerName: frontend_user - Action: facebook-auth

::1 - Role: guest - Module: frontend - ControllerClass: Frontend\Controller\UserController - ControllerName: frontend_user - Action: auth

::1 - Role: guest - Module: frontend - ControllerClass: Frontend\Controller\UserController - ControllerName: frontend_user - Action: facebook-auth

::1 - Role: guest - Module: frontend - ControllerClass: Frontend\Controller\UserController - ControllerName: frontend_user - Action: auth

::1 - Role: guest - Module: frontend - ControllerClass: Frontend\Controller\UserController - ControllerName: frontend_user - Action: facebook-auth

::1 - Role: guest - Module: frontend - ControllerClass: Frontend\Controller\UserController - ControllerName: frontend_user - Action: auth

::1 - Role: guest - Module: frontend - ControllerClass: Frontend\Controller\UserController - ControllerName: frontend_user - Action: login

::1 - Role: guest - Module: frontend - ControllerClass: Frontend\Controller\FrontendController - ControllerName: frontend - Action: index

::1 - Role: guest - Module: frontend - ControllerClass: Frontend\Controller\FrontendController - ControllerName: frontend - Action: index

::1 - Role: guest - Module: frontend - ControllerClass: Frontend\Controller\FrontendController - ControllerName: frontend - Action: index

::1 - Role: guest - Module: frontend - ControllerClass: Frontend\Controller\UserController - ControllerName: frontend_user - Action: auth

::1 - Role: guest - Module: frontend - ControllerClass: Frontend\Controller\UserController - ControllerName: frontend_user - Action: facebook-auth

::1 - Role: guest - Module: frontend - ControllerClass: Frontend\Controller\UserController - ControllerName: frontend_user - Action: auth

::1 - Role: guest - Module: frontend - ControllerClass: Frontend\Controller\UserController - ControllerName: frontend_user - Action: facebook-auth

::1 - Role: guest - Module: frontend - ControllerClass: Frontend\Controller\UserController - ControllerName: frontend_user - Action: auth

::1 - Role: guest - Module: frontend - ControllerClass: Frontend\Controller\UserController - ControllerName: frontend_user - Action: facebook-auth

::1 - Role: guest - Module: frontend - ControllerClass: Frontend\Controller\UserController - ControllerName: frontend_user - Action: auth

::1 - Role: guest - Module: frontend - ControllerClass: Frontend\Controller\UserController - ControllerName: frontend_user - Action: facebook-auth

::1 - Role: guest - Module: frontend - ControllerClass: Frontend\Controller\UserController - ControllerName: frontend_user - Action: auth

::1 - Role: guest - Module: frontend - ControllerClass: Frontend\Controller\UserController - ControllerName: frontend_user - Action: facebook-auth

::1 - Role: guest - Module: frontend - ControllerClass: Frontend\Controller\UserController - ControllerName: frontend_user - Action: auth

::1 - Role: guest - Module: frontend - ControllerClass: Frontend\Controller\UserController - ControllerName: frontend_user - Action: facebook-auth

::1 - Role: guest - Module: frontend - ControllerClass: Frontend\Controller\UserController - ControllerName: frontend_user - Action: auth

::1 - Role: guest - Module: frontend - ControllerClass: Frontend\Controller\UserController - ControllerName: frontend_user - Action: facebook-auth

::1 - Role: guest - Module: frontend - ControllerClass: Frontend\Controller\UserController - ControllerName: frontend_user - Action: auth

::1 - Role: guest - Module: frontend - ControllerClass: Frontend\Controller\UserController - ControllerName: frontend_user - Action: facebook-auth

::1 - Role: guest - Module: frontend - ControllerClass: Frontend\Controller\UserController - ControllerName: frontend_user - Action: auth

::1 - Role: guest - Module: frontend - ControllerClass: Frontend\Controller\UserController - ControllerName: frontend_user - Action: facebook-auth

::1 - Role: guest - Module: frontend - ControllerClass: Frontend\Controller\UserController - ControllerName: frontend_user - Action: auth

::1 - Role: guest - Module: frontend - ControllerClass: Frontend\Controller\UserController - ControllerName: frontend_user - Action: login

::1 - Role: admin - Module: frontend - ControllerClass: Frontend\Controller\UserController - ControllerName: frontend_user - Action: auth

::1 - Role: admin - Module: frontend - ControllerClass: Frontend\Controller\FrontendController - ControllerName: frontend - Action: index

::1 - Role: admin - Module: frontend - ControllerClass: Frontend\Controller\LoanApplicationController - ControllerName: loan_application - Action: business-loan

::1 - Role: admin - Module: frontend - ControllerClass: Frontend\Controller\PersonalLoanController - ControllerName: personal_loan - Action: load-compare

::1 - Role: admin - Module: frontend - ControllerClass: Frontend\Controller\LoanApplicationController - ControllerName: loan_application - Action: business-loan

::1 - Role: admin - Module: frontend - ControllerClass: Frontend\Controller\PersonalLoanController - ControllerName: personal_loan - Action: compare

::1 - Role: admin - Module: frontend - ControllerClass: Frontend\Controller\PersonalLoanController - ControllerName: personal_loan - Action: apply

::1 - Role: admin - Module: frontend - ControllerClass: Frontend\Controller\PersonalLoanController - ControllerName: personal_loan - Action: apply

::1 - Role: admin - Module: frontend - ControllerClass: Frontend\Controller\PersonalLoanController - ControllerName: personal_loan - Action: apply-form

::1 - Role: admin - Module: frontend - ControllerClass: Frontend\Controller\PersonalLoanController - ControllerName: personal_loan - Action: apply-form

::1 - Role: admin - Module: frontend - ControllerClass: Frontend\Controller\PersonalLoanController - ControllerName: personal_loan - Action: apply-form

::1 - Role: admin - Module: frontend - ControllerClass: Frontend\Controller\PersonalLoanController - ControllerName: personal_loan - Action: apply-form

::1 - Role: admin - Module: frontend - ControllerClass: Frontend\Controller\PersonalLoanController - ControllerName: personal_loan - Action: apply-form

::1 - Role: admin - Module: frontend - ControllerClass: Frontend\Controller\PersonalLoanController - ControllerName: personal_loan - Action: apply-form

::1 - Role: admin - Module: frontend - ControllerClass: Frontend\Controller\PersonalLoanController - ControllerName: personal_loan - Action: apply-form

::1 - Role: admin - Module: frontend - ControllerClass: Frontend\Controller\PersonalLoanController - ControllerName: personal_loan - Action: apply-form

::1 - Role: admin - Module: frontend - ControllerClass: Frontend\Controller\PersonalLoanController - ControllerName: personal_loan - Action: apply-form

::1 - Role: admin - Module: frontend - ControllerClass: Frontend\Controller\UserController - ControllerName: frontend_user - Action: profile

::1 - Role: admin - Module: frontend - ControllerClass: Frontend\Controller\UserController - ControllerName: frontend_user - Action: logout

::1 - Role: guest - Module: frontend - ControllerClass: Frontend\Controller\FrontendController - ControllerName: frontend - Action: index

::1 - Role: guest - Module: frontend - ControllerClass: Frontend\Controller\UserController - ControllerName: frontend_user - Action: auth

::1 - Role: guest - Module: frontend - ControllerClass: Frontend\Controller\UserController - ControllerName: frontend_user - Action: register

::1 - Role: user - Module: frontend - ControllerClass: Frontend\Controller\UserController - ControllerName: frontend_user - Action: register-success

::1 - Role: user - Module: frontend - ControllerClass: Frontend\Controller\FrontendController - ControllerName: frontend - Action: index

::1 - Role: user - Module: frontend - ControllerClass: Frontend\Controller\LoanApplicationController - ControllerName: loan_application - Action: business-loan

::1 - Role: user - Module: frontend - ControllerClass: Frontend\Controller\PersonalLoanController - ControllerName: personal_loan - Action: load-compare

::1 - Role: user - Module: frontend - ControllerClass: Frontend\Controller\LoanApplicationController - ControllerName: loan_application - Action: business-loan

::1 - Role: user - Module: frontend - ControllerClass: Frontend\Controller\PersonalLoanController - ControllerName: personal_loan - Action: compare

::1 - Role: user - Module: frontend - ControllerClass: Frontend\Controller\PersonalLoanController - ControllerName: personal_loan - Action: apply

::1 - Role: user - Module: frontend - ControllerClass: Frontend\Controller\PersonalLoanController - ControllerName: personal_loan - Action: apply

::1 - Role: user - Module: frontend - ControllerClass: Frontend\Controller\PersonalLoanController - ControllerName: personal_loan - Action: apply-form

::1 - Role: user - Module: frontend - ControllerClass: Frontend\Controller\PersonalLoanController - ControllerName: personal_loan - Action: apply-form

::1 - Role: user - Module: frontend - ControllerClass: Frontend\Controller\PersonalLoanController - ControllerName: personal_loan - Action: apply-form

::1 - Role: user - Module: frontend - ControllerClass: Frontend\Controller\PersonalLoanController - ControllerName: personal_loan - Action: apply-form

::1 - Role: user - Module: frontend - ControllerClass: Frontend\Controller\PersonalLoanController - ControllerName: personal_loan - Action: apply-form

::1 - Role: user - Module: frontend - ControllerClass: Frontend\Controller\PersonalLoanController - ControllerName: personal_loan - Action: apply-form

::1 - Role: user - Module: frontend - ControllerClass: Frontend\Controller\RefinancingController - ControllerName: refinancing - Action: index

::1 - Role: user - Module: frontend - ControllerClass: Frontend\Controller\RefinancingController - ControllerName: refinancing - Action: step

::1 - Role: user - Module: frontend - ControllerClass: Frontend\Controller\LoanApplicationController - ControllerName: loan_application - Action: property-loan

::1 - Role: user - Module: frontend - ControllerClass: Frontend\Controller\LoanApplicationController - ControllerName: loan_application - Action: select-no

::1 - Role: user - Module: frontend - ControllerClass: Frontend\Controller\LoanApplicationController - ControllerName: loan_application - Action: select-no

::1 - Role: user - Module: frontend - ControllerClass: Frontend\Controller\LoanApplicationController - ControllerName: loan_application - Action: property-loan

::1 - Role: user - Module: frontend - ControllerClass: Frontend\Controller\LoanApplicationController - ControllerName: loan_application - Action: select-yes

::1 - Role: user - Module: frontend - ControllerClass: Frontend\Controller\LoanApplicationController - ControllerName: loan_application - Action: property-loan

::1 - Role: user - Module: frontend - ControllerClass: Frontend\Controller\LoanApplicationController - ControllerName: loan_application - Action: select-yes

::1 - Role: user - Module: frontend - ControllerClass: Frontend\Controller\LoanApplicationController - ControllerName: loan_application - Action: select-yes

::1 - Role: user - Module: frontend - ControllerClass: Frontend\Controller\LoanApplicationController - ControllerName: loan_application - Action: property-loan

::1 - Role: user - Module: frontend - ControllerClass: Frontend\Controller\LoanApplicationController - ControllerName: loan_application - Action: property-loan

::1 - Role: user - Module: frontend - ControllerClass: Frontend\Controller\LoanApplicationController - ControllerName: loan_application - Action: property-loan

::1 - Role: user - Module: frontend - ControllerClass: Frontend\Controller\LoanApplicationController - ControllerName: loan_application - Action: property-loan

::1 - Role: user - Module: frontend - ControllerClass: Frontend\Controller\LoanApplicationController - ControllerName: loan_application - Action: business-loan

::1 - Role: user - Module: frontend - ControllerClass: Frontend\Controller\PersonalLoanController - ControllerName: personal_loan - Action: load-compare

::1 - Role: user - Module: frontend - ControllerClass: Frontend\Controller\LoanApplicationController - ControllerName: loan_application - Action: business-loan

::1 - Role: user - Module: frontend - ControllerClass: Frontend\Controller\PersonalLoanController - ControllerName: personal_loan - Action: compare

::1 - Role: user - Module: frontend - ControllerClass: Frontend\Controller\LoanApplicationController - ControllerName: loan_application - Action: property-loan

::1 - Role: user - Module: frontend - ControllerClass: Frontend\Controller\LoanApplicationController - ControllerName: loan_application - Action: property-loan

::1 - Role: user - Module: frontend - ControllerClass: Frontend\Controller\LoanApplicationController - ControllerName: loan_application - Action: property-loan

::1 - Role: user - Module: frontend - ControllerClass: Frontend\Controller\LoanApplicationController - ControllerName: loan_application - Action: property-loan

::1 - Role: user - Module: frontend - ControllerClass: Frontend\Controller\LoanApplicationController - ControllerName: loan_application - Action: property-loan

::1 - Role: user - Module: frontend - ControllerClass: Frontend\Controller\LoanApplicationController - ControllerName: loan_application - Action: property-loan

::1 - Role: user - Module: frontend - ControllerClass: Frontend\Controller\LoanApplicationController - ControllerName: loan_application - Action: property-loan

::1 - Role: user - Module: frontend - ControllerClass: Frontend\Controller\LoanApplicationController - ControllerName: loan_application - Action: property-loan

::1 - Role: user - Module: frontend - ControllerClass: Frontend\Controller\UserController - ControllerName: frontend_user - Action: profile

::1 - Role: user - Module: frontend - ControllerClass: Frontend\Controller\UserController - ControllerName: frontend_user - Action: change-password

::1 - Role: user - Module: frontend - ControllerClass: Frontend\Controller\UserController - ControllerName: frontend_user - Action: logout

::1 - Role: guest - Module: frontend - ControllerClass: Frontend\Controller\FrontendController - ControllerName: frontend - Action: index

::1 - Role: guest - Module: frontend - ControllerClass: Frontend\Controller\UserController - ControllerName: frontend_user - Action: auth

::1 - Role: guest - Module: frontend - ControllerClass: Frontend\Controller\RefinancingCommercialController - ControllerName: refinancing_commercial - Action: index

::1 - Role: guest - Module: frontend - ControllerClass: Frontend\Controller\RefinancingCommercialController - ControllerName: refinancing_commercial - Action: step

::1 - Role: guest - Module: frontend - ControllerClass: Frontend\Controller\RefinancingCommercialController - ControllerName: refinancing_commercial - Action: step

::1 - Role: guest - Module: frontend - ControllerClass: Frontend\Controller\RefinancingCommercialController - ControllerName: refinancing_commercial - Action: step

::1 - Role: guest - Module: frontend - ControllerClass: Frontend\Controller\RefinancingCommercialController - ControllerName: refinancing_commercial - Action: step

::1 - Role: guest - Module: frontend - ControllerClass: Frontend\Controller\RefinancingCommercialController - ControllerName: refinancing_commercial - Action: step

::1 - Role: guest - Module: frontend - ControllerClass: Frontend\Controller\UserController - ControllerName: frontend_user - Action: login

::1 - Role: user - Module: frontend - ControllerClass: Frontend\Controller\RefinancingCommercialController - ControllerName: refinancing_commercial - Action: step

::1 - Role: user - Module: frontend - ControllerClass: Frontend\Controller\HomeLoanController - ControllerName: home_loan - Action: load-select

::1 - Role: user - Module: frontend - ControllerClass: Frontend\Controller\RefinancingController - ControllerName: refinancing - Action: step

::1 - Role: user - Module: frontend - ControllerClass: Frontend\Controller\RefinancingController - ControllerName: refinancing - Action: step

::1 - Role: user - Module: frontend - ControllerClass: Frontend\Controller\HomeLoanController - ControllerName: home_loan - Action: load-select

::1 - Role: user - Module: frontend - ControllerClass: Frontend\Controller\HomeLoanController - ControllerName: home_loan - Action: select

::1 - Role: user - Module: frontend - ControllerClass: Frontend\Controller\HomeLoanController - ControllerName: home_loan - Action: load-select

::1 - Role: user - Module: frontend - ControllerClass: Frontend\Controller\HomeLoanController - ControllerName: home_loan - Action: select

::1 - Role: user - Module: frontend - ControllerClass: Frontend\Controller\HomeLoanController - ControllerName: home_loan - Action: load-select

::1 - Role: user - Module: frontend - ControllerClass: Frontend\Controller\HomeLoanController - ControllerName: home_loan - Action: select

::1 - Role: user - Module: frontend - ControllerClass: Frontend\Controller\HomeLoanController - ControllerName: home_loan - Action: load-select

::1 - Role: user - Module: frontend - ControllerClass: Frontend\Controller\RefinancingController - ControllerName: refinancing - Action: step

::1 - Role: user - Module: frontend - ControllerClass: Frontend\Controller\HomeLoanController - ControllerName: home_loan - Action: load-select

::1 - Role: user - Module: frontend - ControllerClass: Frontend\Controller\HomeLoanController - ControllerName: home_loan - Action: select

::1 - Role: user - Module: frontend - ControllerClass: Frontend\Controller\HomeLoanController - ControllerName: home_loan - Action: load-select

::1 - Role: user - Module: frontend - ControllerClass: Frontend\Controller\RefinancingController - ControllerName: refinancing - Action: step

::1 - Role: user - Module: frontend - ControllerClass: Frontend\Controller\RefinancingController - ControllerName: refinancing - Action: step

::1 - Role: user - Module: frontend - ControllerClass: Frontend\Controller\RefinancingController - ControllerName: refinancing - Action: step

::1 - Role: user - Module: frontend - ControllerClass: Frontend\Controller\HomeLoanController - ControllerName: home_loan - Action: load-select

::1 - Role: user - Module: frontend - ControllerClass: Frontend\Controller\RefinancingController - ControllerName: refinancing - Action: index

::1 - Role: user - Module: frontend - ControllerClass: Frontend\Controller\RefinancingController - ControllerName: refinancing - Action: step

::1 - Role: user - Module: frontend - ControllerClass: Frontend\Controller\RefinancingController - ControllerName: refinancing - Action: step

::1 - Role: user - Module: frontend - ControllerClass: Frontend\Controller\RefinancingController - ControllerName: refinancing - Action: step

::1 - Role: user - Module: frontend - ControllerClass: Frontend\Controller\RefinancingController - ControllerName: refinancing - Action: step

::1 - Role: user - Module: frontend - ControllerClass: Frontend\Controller\RefinancingController - ControllerName: refinancing - Action: step

::1 - Role: user - Module: frontend - ControllerClass: Frontend\Controller\RefinancingController - ControllerName: refinancing - Action: step

::1 - Role: user - Module: frontend - ControllerClass: Frontend\Controller\HomeLoanController - ControllerName: home_loan - Action: load-select

::1 - Role: user - Module: frontend - ControllerClass: Frontend\Controller\RefinancingController - ControllerName: refinancing - Action: step

::1 - Role: user - Module: frontend - ControllerClass: Frontend\Controller\RefinancingController - ControllerName: refinancing - Action: step

::1 - Role: user - Module: frontend - ControllerClass: Frontend\Controller\HomeLoanController - ControllerName: home_loan - Action: load-select

::1 - Role: user - Module: frontend - ControllerClass: Frontend\Controller\RefinancingController - ControllerName: refinancing - Action: step

::1 - Role: user - Module: frontend - ControllerClass: Frontend\Controller\RefinancingController - ControllerName: refinancing - Action: step

::1 - Role: user - Module: frontend - ControllerClass: Frontend\Controller\HomeLoanController - ControllerName: home_loan - Action: load-select

::1 - Role: user - Module: frontend - ControllerClass: Frontend\Controller\RefinancingController - ControllerName: refinancing - Action: step

::1 - Role: user - Module: frontend - ControllerClass: Frontend\Controller\RefinancingController - ControllerName: refinancing - Action: step

::1 - Role: user - Module: frontend - ControllerClass: Frontend\Controller\HomeLoanController - ControllerName: home_loan - Action: load-select

::1 - Role: user - Module: frontend - ControllerClass: Frontend\Controller\RefinancingController - ControllerName: refinancing - Action: step

::1 - Role: user - Module: frontend - ControllerClass: Frontend\Controller\RefinancingController - ControllerName: refinancing - Action: step

::1 - Role: user - Module: frontend - ControllerClass: Frontend\Controller\HomeLoanController - ControllerName: home_loan - Action: load-select

::1 - Role: user - Module: frontend - ControllerClass: Frontend\Controller\LoanApplicationController - ControllerName: loan_application - Action: property-loan

::1 - Role: user - Module: frontend - ControllerClass: Frontend\Controller\LoanApplicationController - ControllerName: loan_application - Action: select-no

::1 - Role: user - Module: frontend - ControllerClass: Frontend\Controller\LoanApplicationController - ControllerName: loan_application - Action: property-loan

::1 - Role: user - Module: frontend - ControllerClass: Frontend\Controller\HomeLoanController - ControllerName: home_loan - Action: load-select

::1 - Role: user - Module: frontend - ControllerClass: Frontend\Controller\LoanApplicationController - ControllerName: loan_application - Action: popup-property-loan

::1 - Role: user - Module: frontend - ControllerClass: Frontend\Controller\LoanApplicationController - ControllerName: loan_application - Action: property-loan

::1 - Role: user - Module: frontend - ControllerClass: Frontend\Controller\LoanApplicationController - ControllerName: loan_application - Action: property-loan

::1 - Role: user - Module: frontend - ControllerClass: Frontend\Controller\HomeLoanController - ControllerName: home_loan - Action: load-select

::1 - Role: user - Module: frontend - ControllerClass: Frontend\Controller\LoanApplicationController - ControllerName: loan_application - Action: popup-property-loan

::1 - Role: user - Module: frontend - ControllerClass: Frontend\Controller\LoanApplicationController - ControllerName: loan_application - Action: apply

::1 - Role: user - Module: frontend - ControllerClass: Frontend\Controller\LoanApplicationController - ControllerName: loan_application - Action: property-loan

::1 - Role: user - Module: frontend - ControllerClass: Frontend\Controller\HomeLoanController - ControllerName: home_loan - Action: load-select

::1 - Role: user - Module: frontend - ControllerClass: Frontend\Controller\LoanApplicationController - ControllerName: loan_application - Action: popup-property-loan

::1 - Role: user - Module: frontend - ControllerClass: Frontend\Controller\LoanApplicationController - ControllerName: loan_application - Action: apply

::1 - Role: user - Module: frontend - ControllerClass: Frontend\Controller\FrontendController - ControllerName: frontend - Action: index

::1 - Role: user - Module: backend - ControllerClass: Backend\Controller\BackendController - ControllerName: admin - Action: index

::1 - Role: user - Module: frontend - ControllerClass: Frontend\Controller\PageController - ControllerName: page - Action: error

::1 - Role: user - Module: frontend - ControllerClass: Frontend\Controller\UserController - ControllerName: frontend_user - Action: logout

::1 - Role: guest - Module: frontend - ControllerClass: Frontend\Controller\FrontendController - ControllerName: frontend - Action: index

::1 - Role: guest - Module: frontend - ControllerClass: Frontend\Controller\UserController - ControllerName: frontend_user - Action: auth

::1 - Role: guest - Module: frontend - ControllerClass: Frontend\Controller\UserController - ControllerName: frontend_user - Action: login

::1 - Role: admin - Module: frontend - ControllerClass: Frontend\Controller\FrontendController - ControllerName: frontend - Action: index

::1 - Role: admin - Module: backend - ControllerClass: Backend\Controller\BackendController - ControllerName: admin - Action: index

::1 - Role: admin - Module: backend - ControllerClass: Backend\Controller\PropertyLoanController - ControllerName: admin/property_loan - Action: index

::1 - Role: admin - Module: backend - ControllerClass: Backend\Controller\BackendController - ControllerName: admin - Action: index

::1 - Role: admin - Module: backend - ControllerClass: Backend\Controller\ApplicationLoanController - ControllerName: admin/application_loan - Action: business_loan

::1 - Role: admin - Module: backend - ControllerClass: Backend\Controller\BackendController - ControllerName: admin - Action: index

::1 - Role: admin - Module: backend - ControllerClass: Backend\Controller\ApplicationLoanController - ControllerName: admin/application_loan - Action: property_loan

::1 - Role: admin - Module: backend - ControllerClass: Backend\Controller\BackendController - ControllerName: admin - Action: index

::1 - Role: admin - Module: backend - ControllerClass: Backend\Controller\PostController - ControllerName: admin/post - Action: index

::1 - Role: admin - Module: backend - ControllerClass: Backend\Controller\BackendController - ControllerName: admin - Action: index

::1 - Role: admin - Module: backend - ControllerClass: Backend\Controller\PostController - ControllerName: admin/post - Action: index

::1 - Role: admin - Module: backend - ControllerClass: Backend\Controller\BackendController - ControllerName: admin - Action: index

::1 - Role: admin - Module: backend - ControllerClass: Backend\Controller\PostController - ControllerName: admin/post - Action: index

::1 - Role: admin - Module: backend - ControllerClass: Backend\Controller\BackendController - ControllerName: admin - Action: index

::1 - Role: admin - Module: backend - ControllerClass: Backend\Controller\UserController - ControllerName: admin/user - Action: index

::1 - Role: admin - Module: backend - ControllerClass: Backend\Controller\BackendController - ControllerName: admin - Action: index

::1 - Role: admin - Module: backend - ControllerClass: Backend\Controller\InfographicController - ControllerName: admin/infographic - Action: index

::1 - Role: admin - Module: backend - ControllerClass: Backend\Controller\BackendController - ControllerName: admin - Action: index

::1 - Role: admin - Module: backend - ControllerClass: Backend\Controller\UserController - ControllerName: admin/user - Action: index

::1 - Role: admin - Module: backend - ControllerClass: Backend\Controller\BackendController - ControllerName: admin - Action: index

::1 - Role: admin - Module: backend - ControllerClass: Backend\Controller\ApplicationLoanController - ControllerName: admin/application_loan - Action: property_loan

::1 - Role: admin - Module: backend - ControllerClass: Backend\Controller\BackendController - ControllerName: admin - Action: index

::1 - Role: admin - Module: backend - ControllerClass: Backend\Controller\ApplicationLoanController - ControllerName: admin/application_loan - Action: property_loan

::1 - Role: admin - Module: backend - ControllerClass: Backend\Controller\BackendController - ControllerName: admin - Action: index

::1 - Role: admin - Module: backend - ControllerClass: Backend\Controller\BackendController - ControllerName: admin - Action: index

::1 - Role: admin - Module: backend - ControllerClass: Backend\Controller\ApplicationLoanController - ControllerName: admin/application_loan - Action: property_loan

::1 - Role: admin - Module: backend - ControllerClass: Backend\Controller\BackendController - ControllerName: admin - Action: index

::1 - Role: admin - Module: backend - ControllerClass: Backend\Controller\UserController - ControllerName: admin/user - Action: index

::1 - Role: admin - Module: backend - ControllerClass: Backend\Controller\BackendController - ControllerName: admin - Action: index

::1 - Role: admin - Module: backend - ControllerClass: Backend\Controller\BusinessLoanController - ControllerName: admin/business_loan - Action: index

::1 - Role: admin - Module: backend - ControllerClass: Backend\Controller\BusinessLoanController - ControllerName: admin/business_loan - Action: category

::1 - Role: admin - Module: backend - ControllerClass: Backend\Controller\BusinessLoanController - ControllerName: admin/business_loan - Action: index

::1 - Role: admin - Module: backend - ControllerClass: Backend\Controller\BusinessLoanController - ControllerName: admin/business_loan - Action: category

::1 - Role: admin - Module: backend - ControllerClass: Backend\Controller\BusinessLoanController - ControllerName: admin/business_loan - Action: index

::1 - Role: admin - Module: backend - ControllerClass: Backend\Controller\ApplicationLoanController - ControllerName: admin/application_loan - Action: business-loan

::1 - Role: admin - Module: backend - ControllerClass: Backend\Controller\BackendController - ControllerName: admin - Action: index

::1 - Role: admin - Module: backend - ControllerClass: Backend\Controller\ApplicationLoanController - ControllerName: admin/application_loan - Action: business_loan

::1 - Role: admin - Module: backend - ControllerClass: Backend\Controller\ApplicationLoanController - ControllerName: admin/application_loan - Action: business-loan

::1 - Role: admin - Module: backend - ControllerClass: Backend\Controller\ApplicationLoanController - ControllerName: admin/application_loan - Action: property-loan

::1 - Role: admin - Module: backend - ControllerClass: Backend\Controller\ApplicationLoanController - ControllerName: admin/application_loan - Action: property-loan

::1 - Role: admin - Module: backend - ControllerClass: Backend\Controller\BackendController - ControllerName: admin - Action: index

::1 - Role: admin - Module: backend - ControllerClass: Backend\Controller\ApplicationLoanController - ControllerName: admin/application_loan - Action: business-loan

::1 - Role: admin - Module: backend - ControllerClass: Backend\Controller\BackendController - ControllerName: admin - Action: index

::1 - Role: admin - Module: backend - ControllerClass: Backend\Controller\BankController - ControllerName: admin/bank - Action: index

::1 - Role: admin - Module: backend - ControllerClass: Backend\Controller\BackendController - ControllerName: admin - Action: index

::1 - Role: admin - Module: backend - ControllerClass: Backend\Controller\BusinessLoanController - ControllerName: admin/business_loan - Action: index

::1 - Role: admin - Module: backend - ControllerClass: Backend\Controller\BackendController - ControllerName: admin - Action: index

::1 - Role: admin - Module: backend - ControllerClass: Backend\Controller\PropertyLoanController - ControllerName: admin/property_loan - Action: index

::1 - Role: admin - Module: backend - ControllerClass: Backend\Controller\BackendController - ControllerName: admin - Action: index

::1 - Role: admin - Module: backend - ControllerClass: Backend\Controller\BusinessLoanController - ControllerName: admin/business_loan - Action: index

::1 - Role: admin - Module: backend - ControllerClass: Backend\Controller\BackendController - ControllerName: admin - Action: index

::1 - Role: admin - Module: backend - ControllerClass: Backend\Controller\PostController - ControllerName: admin/post - Action: index

::1 - Role: admin - Module: backend - ControllerClass: Backend\Controller\BackendController - ControllerName: admin - Action: index

::1 - Role: admin - Module: backend - ControllerClass: Backend\Controller\InfographicController - ControllerName: admin/infographic - Action: index

::1 - Role: admin - Module: backend - ControllerClass: Backend\Controller\BackendController - ControllerName: admin - Action: index

::1 - Role: admin - Module: backend - ControllerClass: Backend\Controller\UserController - ControllerName: admin/user - Action: index

::1 - Role: admin - Module: backend - ControllerClass: Backend\Controller\BackendController - ControllerName: admin - Action: index

::1 - Role: admin - Module: backend - ControllerClass: Backend\Controller\SettingController - ControllerName: admin/setting - Action: view-company

::1 - Role: admin - Module: backend - ControllerClass: Backend\Controller\BackendController - ControllerName: admin - Action: index

::1 - Role: admin - Module: backend - ControllerClass: Backend\Controller\ApplicationLoanController - ControllerName: admin/application_loan - Action: referral_summary

::1 - Role: admin - Module: backend - ControllerClass: Backend\Controller\ApplicationLoanController - ControllerName: admin/application_loan - Action: referral-summary

::1 - Role: admin - Module: backend - ControllerClass: Backend\Controller\ApplicationLoanController - ControllerName: admin/application_loan - Action: referral_summary

::1 - Role: admin - Module: backend - ControllerClass: Backend\Controller\BackendController - ControllerName: admin - Action: index

::1 - Role: admin - Module: backend - ControllerClass: Backend\Controller\PostController - ControllerName: admin/post - Action: index

::1 - Role: admin - Module: backend - ControllerClass: Backend\Controller\PostController - ControllerName: admin/post - Action: index

::1 - Role: admin - Module: backend - ControllerClass: Backend\Controller\BackendController - ControllerName: admin - Action: index

::1 - Role: admin - Module: backend - ControllerClass: Backend\Controller\PostController - ControllerName: admin/post - Action: category

::1 - Role: admin - Module: backend - ControllerClass: Backend\Controller\PostController - ControllerName: admin/post - Action: index

::1 - Role: admin - Module: backend - ControllerClass: Backend\Controller\PostController - ControllerName: admin/post - Action: category

::1 - Role: admin - Module: backend - ControllerClass: Backend\Controller\BusinessLoanController - ControllerName: admin/business_loan - Action: index

::1 - Role: admin - Module: backend - ControllerClass: Backend\Controller\BusinessLoanController - ControllerName: admin/business_loan - Action: index

::1 - Role: admin - Module: backend - ControllerClass: Backend\Controller\BusinessLoanController - ControllerName: admin/business_loan - Action: index

::1 - Role: guest - Module: frontend - ControllerClass: Frontend\Controller\FrontendController - ControllerName: frontend - Action: index

::1 - Role: guest - Module: frontend - ControllerClass: Frontend\Controller\UserController - ControllerName: frontend_user - Action: auth

::1 - Role: guest - Module: frontend - ControllerClass: Frontend\Controller\UserController - ControllerName: frontend_user - Action: login

::1 - Role: admin - Module: frontend - ControllerClass: Frontend\Controller\FrontendController - ControllerName: frontend - Action: index

::1 - Role: admin - Module: backend - ControllerClass: Backend\Controller\BackendController - ControllerName: admin - Action: index

::1 - Role: admin - Module: backend - ControllerClass: Backend\Controller\BankController - ControllerName: admin/bank - Action: index

::1 - Role: admin - Module: backend - ControllerClass: Backend\Controller\BankAccountController - ControllerName: admin_bank_account - Action: add

::1 - Role: admin - Module: backend - ControllerClass: Backend\Controller\BankAccountController - ControllerName: admin_bank_account - Action: index

::1 - Role: admin - Module: backend - ControllerClass: Backend\Controller\BankAccountController - ControllerName: admin_bank_account - Action: index

::1 - Role: admin - Module: backend - ControllerClass: Backend\Controller\ApplicationLoanController - ControllerName: admin/application_loan - Action: referral_summary

::1 - Role: admin - Module: backend - ControllerClass: Backend\Controller\BankAccountController - ControllerName: admin_bank_account - Action: index

::1 - Role: admin - Module: backend - ControllerClass: Backend\Controller\BankController - ControllerName: admin/bank - Action: index

::1 - Role: admin - Module: backend - ControllerClass: Backend\Controller\BankController - ControllerName: admin/bank - Action: add

::1 - Role: admin - Module: backend - ControllerClass: Backend\Controller\BankController - ControllerName: admin/bank - Action: referral-summary

::1 - Role: admin - Module: backend - ControllerClass: Backend\Controller\BankController - ControllerName: admin/bank - Action: view-referral-summary

::1 - Role: admin - Module: backend - ControllerClass: Backend\Controller\BankController - ControllerName: admin/bank - Action: view-referral-summary

::1 - Role: admin - Module: backend - ControllerClass: Backend\Controller\ApplicationLoanController - ControllerName: admin/application_loan - Action: view-referral-summary

::1 - Role: admin - Module: backend - ControllerClass: Backend\Controller\ApplicationLoanController - ControllerName: admin/application_loan - Action: view-referral-summary

::1 - Role: admin - Module: backend - ControllerClass: Backend\Controller\ApplicationLoanController - ControllerName: admin/application_loan - Action: view-referral-summary

::1 - Role: admin - Module: backend - ControllerClass: Backend\Controller\ApplicationLoanController - ControllerName: admin/application_loan - Action: view-referral-summary

::1 - Role: admin - Module: backend - ControllerClass: Backend\Controller\ApplicationLoanController - ControllerName: admin/application_loan - Action: view-referral-summary

::1 - Role: admin - Module: backend - ControllerClass: Backend\Controller\ApplicationLoanController - ControllerName: admin/application_loan - Action: view-referral-summary

::1 - Role: admin - Module: backend - ControllerClass: Backend\Controller\BankController - ControllerName: admin/bank - Action: edit-referral

::1 - Role: admin - Module: backend - ControllerClass: Backend\Controller\ApplicationLoanController - ControllerName: admin/application_loan - Action: view-referral-summary

::1 - Role: admin - Module: backend - ControllerClass: Backend\Controller\BankController - ControllerName: admin/bank - Action: edit-referral

::1 - Role: admin - Module: backend - ControllerClass: Backend\Controller\ApplicationLoanController - ControllerName: admin/application_loan - Action: view-referral-summary

::1 - Role: admin - Module: backend - ControllerClass: Backend\Controller\BankController - ControllerName: admin/bank - Action: view-referral-summary

::1 - Role: admin - Module: backend - ControllerClass: Backend\Controller\BankController - ControllerName: admin/bank - Action: referral-summary

::1 - Role: admin - Module: backend - ControllerClass: Backend\Controller\BankController - ControllerName: admin/bank - Action: add

::1 - Role: admin - Module: backend - ControllerClass: Backend\Controller\ApplicationLoanController - ControllerName: admin/application_loan - Action: business-loan

::1 - Role: admin - Module: backend - ControllerClass: Backend\Controller\ApplicationLoanController - ControllerName: admin/application_loan - Action: view-referral-summary

::1 - Role: admin - Module: backend - ControllerClass: Backend\Controller\ApplicationLoanController - ControllerName: admin/application_loan - Action: business-loan

::1 - Role: admin - Module: backend - ControllerClass: Backend\Controller\ApplicationLoanController - ControllerName: admin/application_loan - Action: business-loan

::1 - Role: admin - Module: backend - ControllerClass: Backend\Controller\ApplicationLoanController - ControllerName: admin/application_loan - Action: view-referral-summary

::1 - Role: admin - Module: backend - ControllerClass: Backend\Controller\ApplicationLoanController - ControllerName: admin/application_loan - Action: view-referral-summary

::1 - Role: admin - Module: backend - ControllerClass: Backend\Controller\ApplicationLoanController - ControllerName: admin/application_loan - Action: view-referral-summary

::1 - Role: admin - Module: backend - ControllerClass: Backend\Controller\ApplicationLoanController - ControllerName: admin/application_loan - Action: business-loan

::1 - Role: admin - Module: backend - ControllerClass: Backend\Controller\ApplicationLoanController - ControllerName: admin/application_loan - Action: view-referral-summary

::1 - Role: admin - Module: backend - ControllerClass: Backend\Controller\BackendController - ControllerName: admin - Action: index

::1 - Role: admin - Module: backend - ControllerClass: Backend\Controller\BackendController - ControllerName: admin - Action: index

::1 - Role: admin - Module: backend - ControllerClass: Backend\Controller\ApplicationLoanController - ControllerName: admin/application_loan - Action: view-referral-summary

::1 - Role: admin - Module: backend - ControllerClass: Backend\Controller\ApplicationLoanController - ControllerName: admin/application_loan - Action: view-referral-summary

::1 - Role: admin - Module: backend - ControllerClass: Backend\Controller\ApplicationLoanController - ControllerName: admin/application_loan - Action: edit-referral

::1 - Role: admin - Module: backend - ControllerClass: Backend\Controller\ApplicationLoanController - ControllerName: admin/application_loan - Action: edit-referral

::1 - Role: admin - Module: backend - ControllerClass: Backend\Controller\BackendController - ControllerName: admin - Action: index

::1 - Role: admin - Module: frontend - ControllerClass: Frontend\Controller\FrontendController - ControllerName: frontend - Action: index

::1 - Role: admin - Module: frontend - ControllerClass: Frontend\Controller\FrontendController - ControllerName: frontend - Action: index

::1 - Role: admin - Module: backend - ControllerClass: Backend\Controller\BackendController - ControllerName: admin - Action: index

::1 - Role: admin - Module: backend - ControllerClass: Backend\Controller\ApplicationLoanController - ControllerName: admin/application_loan - Action: view-referral-summary

::1 - Role: admin - Module: backend - ControllerClass: Backend\Controller\ApplicationLoanController - ControllerName: admin/application_loan - Action: edit-referral

::1 - Role: admin - Module: backend - ControllerClass: Backend\Controller\ApplicationLoanController - ControllerName: admin/application_loan - Action: edit-referral

::1 - Role: admin - Module: backend - ControllerClass: Backend\Controller\ApplicationLoanController - ControllerName: admin/application_loan - Action: view-referral-summary

::1 - Role: admin - Module: backend - ControllerClass: Backend\Controller\PostController - ControllerName: admin/post - Action: index

::1 - Role: admin - Module: backend - ControllerClass: Backend\Controller\ApplicationLoanController - ControllerName: admin/application_loan - Action: view-referral-summary

